#
# There is insufficient memory for the Java Runtime Environment to continue.
# Native memory allocation (malloc) failed to allocate 1649936 bytes for Chunk::new
# Possible reasons:
#   The system is out of physical RAM or swap space
#   In 32 bit mode, the process size limit was hit
# Possible solutions:
#   Reduce memory load on the system
#   Increase physical memory or swap space
#   Check if swap backing store is full
#   Use 64 bit Java on a 64 bit OS
#   Decrease Java heap size (-Xmx/-Xms)
#   Decrease number of Java threads
#   Decrease Java thread stack sizes (-Xss)
#   Set larger code cache with -XX:ReservedCodeCacheSize=
# This output file may be truncated or incomplete.
#
#  Out of Memory Error (allocation.cpp:390), pid=5852, tid=0x0000000000001950
#
# JRE version: Java(TM) SE Runtime Environment (8.0_181-b13) (build 1.8.0_181-b13)
# Java VM: Java HotSpot(TM) 64-Bit Server VM (25.181-b13 mixed mode windows-amd64 compressed oops)
# Failed to write core dump. Minidumps are not enabled by default on client versions of Windows
#

---------------  T H R E A D  ---------------

Current thread (0x0000000014a5a800):  JavaThread "C2 CompilerThread1" daemon [_thread_in_native, id=6480, stack(0x00000000161d0000,0x00000000162d0000)]

Stack: [0x00000000161d0000,0x00000000162d0000]
[error occurred during error reporting (printing stack bounds), id 0xc0000005]

Native frames: (J=compiled Java code, j=interpreted, Vv=VM code, C=native code)


Current CompileTask:
C2:  24385 4619       4       org.springframework.beans.factory.support.AbstractBeanFactory::isTypeMatch (607 bytes)


---------------  P R O C E S S  ---------------

Java Threads: ( => current thread )
  0x00000000199c9000 JavaThread "container-0" [_thread_blocked, id=12236, stack(0x000000001f390000,0x000000001f490000)]
  0x00000000199ca800 JavaThread "Catalina-utility-2" [_thread_blocked, id=10760, stack(0x000000001f5b0000,0x000000001f6b0000)]
  0x00000000199c8800 JavaThread "Catalina-utility-1" [_thread_blocked, id=1960, stack(0x000000001f4b0000,0x000000001f5b0000)]
  0x00000000199c7800 JavaThread "HikariPool-1 housekeeper" daemon [_thread_blocked, id=1916, stack(0x000000001b9f0000,0x000000001baf0000)]
  0x000000001a4fe000 JavaThread "mysql-cj-abandoned-connection-cleanup" daemon [_thread_blocked, id=6668, stack(0x0000000018c50000,0x0000000018d50000)]
  0x0000000016f38800 JavaThread "restartedMain" [_thread_in_vm, id=3044, stack(0x0000000018410000,0x0000000018510000)]
  0x0000000017007000 JavaThread "Thread-0" [_thread_blocked, id=10764, stack(0x0000000018310000,0x0000000018410000)]
  0x0000000016400800 JavaThread "Service Thread" daemon [_thread_blocked, id=11224, stack(0x00000000167d0000,0x00000000168d0000)]
  0x0000000014a64800 JavaThread "C1 CompilerThread2" daemon [_thread_blocked, id=5916, stack(0x00000000162d0000,0x00000000163d0000)]
=>0x0000000014a5a800 JavaThread "C2 CompilerThread1" daemon [_thread_in_native, id=6480, stack(0x00000000161d0000,0x00000000162d0000)]
  0x0000000014a58800 JavaThread "C2 CompilerThread0" daemon [_thread_in_native, id=10052, stack(0x00000000160d0000,0x00000000161d0000)]
  0x0000000014a57000 JavaThread "Attach Listener" daemon [_thread_blocked, id=1820, stack(0x0000000015fd0000,0x00000000160d0000)]
  0x0000000014a54000 JavaThread "Signal Dispatcher" daemon [_thread_blocked, id=7016, stack(0x0000000015ed0000,0x0000000015fd0000)]
  0x0000000014a40000 JavaThread "Finalizer" daemon [_thread_blocked, id=7956, stack(0x0000000015cb0000,0x0000000015db0000)]
  0x0000000002486000 JavaThread "Reference Handler" daemon [_thread_blocked, id=9156, stack(0x0000000015bb0000,0x0000000015cb0000)]
  0x0000000002395800 JavaThread "main" [_thread_blocked, id=1668, stack(0x0000000002290000,0x0000000002390000)]

Other Threads:
  0x0000000014a17000 VMThread [stack: 0x0000000015ab0000,0x0000000015bb0000] [id=5972]
  0x0000000014aab800 WatcherThread [stack: 0x00000000168d0000,0x00000000169d0000] [id=4696]

VM state:not at safepoint (normal execution)

VM Mutex/Monitor currently owned by a thread: None

Heap:
 PSYoungGen      total 290304K, used 74409K [0x00000000eb500000, 0x00000000fe500000, 0x0000000100000000)
  eden space 277504K, 26% used [0x00000000eb500000,0x00000000efdaa7d8,0x00000000fc400000)
  from space 12800K, 0% used [0x00000000fd880000,0x00000000fd880000,0x00000000fe500000)
  to   space 16896K, 0% used [0x00000000fc400000,0x00000000fc400000,0x00000000fd480000)
 ParOldGen       total 55808K, used 21449K [0x00000000c1e00000, 0x00000000c5480000, 0x00000000eb500000)
  object space 55808K, 38% used [0x00000000c1e00000,0x00000000c32f25e8,0x00000000c5480000)
 Metaspace       used 59313K, capacity 63004K, committed 63232K, reserved 1103872K
  class space    used 8319K, capacity 8933K, committed 8960K, reserved 1048576K

Card table byte_map: [0x0000000011850000,0x0000000011a50000] byte_map_base: 0x0000000011241000

Marking Bits: (ParMarkBitMap*) 0x000000006d8f2d00
 Begin Bits: [0x0000000011fa0000, 0x0000000012f28000)
 End Bits:   [0x0000000012f28000, 0x0000000013eb0000)

Polling page: 0x0000000000a80000

CodeCache: size=245760Kb used=16168Kb max_used=16428Kb free=229591Kb
 bounds [0x0000000002490000, 0x00000000034b0000, 0x0000000011490000]
 total_blobs=4772 nmethods=4246 adapters=438
 compilation: enabled

Compilation events (10 events):
Event: 24.265 Thread 0x0000000014a64800 4753       3       org.springframework.core.io.ResourceEditor::<init> (26 bytes)
Event: 24.265 Thread 0x0000000014a64800 nmethod 4753 0x0000000002b63ed0 code [0x0000000002b64060, 0x0000000002b64508]
Event: 24.267 Thread 0x0000000014a64800 4754       3       org.springframework.core.SerializableTypeWrapper$MethodParameterTypeProvider::<init> (59 bytes)
Event: 24.267 Thread 0x0000000014a64800 nmethod 4754 0x00000000029e0b10 code [0x00000000029e0cc0, 0x00000000029e14f8]
Event: 24.267 Thread 0x0000000014a64800 4755 %     3       org.springframework.aop.support.AopUtils::canApply @ 145 (206 bytes)
Event: 24.269 Thread 0x0000000014a64800 nmethod 4755% 0x0000000002e2d050 code [0x0000000002e2d460, 0x0000000002e2fb18]
Event: 24.323 Thread 0x0000000014a64800 4758   !   3       com.sun.proxy.$Proxy60::annotationType (29 bytes)
Event: 24.324 Thread 0x0000000014a64800 nmethod 4758 0x0000000002f65b50 code [0x0000000002f65ce0, 0x0000000002f66118]
Event: 24.324 Thread 0x0000000014a64800 4759       3       org.springframework.aop.scope.ScopedProxyUtils::isScopedTarget (19 bytes)
Event: 24.324 Thread 0x0000000014a64800 nmethod 4759 0x0000000002b638d0 code [0x0000000002b63a40, 0x0000000002b63dc8]

GC Heap History (10 events):
Event: 10.590 GC heap before
{Heap before GC invocations=11 (full 1):
 PSYoungGen      total 137216K, used 84527K [0x00000000eb500000, 0x00000000f8900000, 0x0000000100000000)
  eden space 129024K, 59% used [0x00000000eb500000,0x00000000eff8d080,0x00000000f3300000)
  from space 8192K, 99% used [0x00000000f3300000,0x00000000f3afedd8,0x00000000f3b00000)
  to   space 11776K, 0% used [0x00000000f7d80000,0x00000000f7d80000,0x00000000f8900000)
 ParOldGen       total 27136K, used 10799K [0x00000000c1e00000, 0x00000000c3880000, 0x00000000eb500000)
  object space 27136K, 39% used [0x00000000c1e00000,0x00000000c288bc28,0x00000000c3880000)
 Metaspace       used 33260K, capacity 35422K, committed 35496K, reserved 1079296K
  class space    used 4433K, capacity 4847K, committed 4864K, reserved 1048576K
Event: 10.600 GC heap after
Heap after GC invocations=11 (full 1):
 PSYoungGen      total 199680K, used 9511K [0x00000000eb500000, 0x00000000f8700000, 0x0000000100000000)
  eden space 189952K, 0% used [0x00000000eb500000,0x00000000eb500000,0x00000000f6e80000)
  from space 9728K, 97% used [0x00000000f7d80000,0x00000000f86c9f10,0x00000000f8700000)
  to   space 12288K, 0% used [0x00000000f6f00000,0x00000000f6f00000,0x00000000f7b00000)
 ParOldGen       total 27136K, used 10807K [0x00000000c1e00000, 0x00000000c3880000, 0x00000000eb500000)
  object space 27136K, 39% used [0x00000000c1e00000,0x00000000c288dc28,0x00000000c3880000)
 Metaspace       used 33260K, capacity 35422K, committed 35496K, reserved 1079296K
  class space    used 4433K, capacity 4847K, committed 4864K, reserved 1048576K
}
Event: 10.600 GC heap before
{Heap before GC invocations=12 (full 2):
 PSYoungGen      total 199680K, used 9511K [0x00000000eb500000, 0x00000000f8700000, 0x0000000100000000)
  eden space 189952K, 0% used [0x00000000eb500000,0x00000000eb500000,0x00000000f6e80000)
  from space 9728K, 97% used [0x00000000f7d80000,0x00000000f86c9f10,0x00000000f8700000)
  to   space 12288K, 0% used [0x00000000f6f00000,0x00000000f6f00000,0x00000000f7b00000)
 ParOldGen       total 27136K, used 10807K [0x00000000c1e00000, 0x00000000c3880000, 0x00000000eb500000)
  object space 27136K, 39% used [0x00000000c1e00000,0x00000000c288dc28,0x00000000c3880000)
 Metaspace       used 33260K, capacity 35422K, committed 35496K, reserved 1079296K
  class space    used 4433K, capacity 4847K, committed 4864K, reserved 1048576K
Event: 10.654 GC heap after
Heap after GC invocations=12 (full 2):
 PSYoungGen      total 199680K, used 0K [0x00000000eb500000, 0x00000000f8700000, 0x0000000100000000)
  eden space 189952K, 0% used [0x00000000eb500000,0x00000000eb500000,0x00000000f6e80000)
  from space 9728K, 0% used [0x00000000f7d80000,0x00000000f7d80000,0x00000000f8700000)
  to   space 12288K, 0% used [0x00000000f6f00000,0x00000000f6f00000,0x00000000f7b00000)
 ParOldGen       total 40960K, used 14256K [0x00000000c1e00000, 0x00000000c4600000, 0x00000000eb500000)
  object space 40960K, 34% used [0x00000000c1e00000,0x00000000c2bec1a0,0x00000000c4600000)
 Metaspace       used 33260K, capacity 35422K, committed 35496K, reserved 1079296K
  class space    used 4433K, capacity 4847K, committed 4864K, reserved 1048576K
}
Event: 19.781 GC heap before
{Heap before GC invocations=13 (full 2):
 PSYoungGen      total 199680K, used 189952K [0x00000000eb500000, 0x00000000f8700000, 0x0000000100000000)
  eden space 189952K, 100% used [0x00000000eb500000,0x00000000f6e80000,0x00000000f6e80000)
  from space 9728K, 0% used [0x00000000f7d80000,0x00000000f7d80000,0x00000000f8700000)
  to   space 12288K, 0% used [0x00000000f6f00000,0x00000000f6f00000,0x00000000f7b00000)
 ParOldGen       total 40960K, used 14256K [0x00000000c1e00000, 0x00000000c4600000, 0x00000000eb500000)
  object space 40960K, 34% used [0x00000000c1e00000,0x00000000c2bec1a0,0x00000000c4600000)
 Metaspace       used 52095K, capacity 54868K, committed 54912K, reserved 1095680K
  class space    used 7275K, capacity 7765K, committed 7808K, reserved 1048576K
Event: 19.801 GC heap after
Heap after GC invocations=13 (full 2):
 PSYoungGen      total 202752K, used 12266K [0x00000000eb500000, 0x00000000fe980000, 0x0000000100000000)
  eden space 190464K, 0% used [0x00000000eb500000,0x00000000eb500000,0x00000000f6f00000)
  from space 12288K, 99% used [0x00000000f6f00000,0x00000000f7afaae8,0x00000000f7b00000)
  to   space 17408K, 0% used [0x00000000fd880000,0x00000000fd880000,0x00000000fe980000)
 ParOldGen       total 40960K, used 22889K [0x00000000c1e00000, 0x00000000c4600000, 0x00000000eb500000)
  object space 40960K, 55% used [0x00000000c1e00000,0x00000000c345a408,0x00000000c4600000)
 Metaspace       used 52095K, capacity 54868K, committed 54912K, reserved 1095680K
  class space    used 7275K, capacity 7765K, committed 7808K, reserved 1048576K
}
Event: 21.388 GC heap before
{Heap before GC invocations=14 (full 2):
 PSYoungGen      total 202752K, used 53018K [0x00000000eb500000, 0x00000000fe980000, 0x0000000100000000)
  eden space 190464K, 21% used [0x00000000eb500000,0x00000000edccbe78,0x00000000f6f00000)
  from space 12288K, 99% used [0x00000000f6f00000,0x00000000f7afaae8,0x00000000f7b00000)
  to   space 17408K, 0% used [0x00000000fd880000,0x00000000fd880000,0x00000000fe980000)
 ParOldGen       total 40960K, used 22889K [0x00000000c1e00000, 0x00000000c4600000, 0x00000000eb500000)
  object space 40960K, 55% used [0x00000000c1e00000,0x00000000c345a408,0x00000000c4600000)
 Metaspace       used 55659K, capacity 58992K, committed 59136K, reserved 1099776K
  class space    used 7767K, capacity 8329K, committed 8448K, reserved 1048576K
Event: 21.404 GC heap after
Heap after GC invocations=14 (full 2):
 PSYoungGen      total 290304K, used 4313K [0x00000000eb500000, 0x00000000fe500000, 0x0000000100000000)
  eden space 277504K, 0% used [0x00000000eb500000,0x00000000eb500000,0x00000000fc400000)
  from space 12800K, 33% used [0x00000000fd880000,0x00000000fdcb67e8,0x00000000fe500000)
  to   space 16896K, 0% used [0x00000000fc400000,0x00000000fc400000,0x00000000fd480000)
 ParOldGen       total 40960K, used 29069K [0x00000000c1e00000, 0x00000000c4600000, 0x00000000eb500000)
  object space 40960K, 70% used [0x00000000c1e00000,0x00000000c3a63660,0x00000000c4600000)
 Metaspace       used 55659K, capacity 58992K, committed 59136K, reserved 1099776K
  class space    used 7767K, capacity 8329K, committed 8448K, reserved 1048576K
}
Event: 21.404 GC heap before
{Heap before GC invocations=15 (full 3):
 PSYoungGen      total 290304K, used 4313K [0x00000000eb500000, 0x00000000fe500000, 0x0000000100000000)
  eden space 277504K, 0% used [0x00000000eb500000,0x00000000eb500000,0x00000000fc400000)
  from space 12800K, 33% used [0x00000000fd880000,0x00000000fdcb67e8,0x00000000fe500000)
  to   space 16896K, 0% used [0x00000000fc400000,0x00000000fc400000,0x00000000fd480000)
 ParOldGen       total 40960K, used 29069K [0x00000000c1e00000, 0x00000000c4600000, 0x00000000eb500000)
  object space 40960K, 70% used [0x00000000c1e00000,0x00000000c3a63660,0x00000000c4600000)
 Metaspace       used 55659K, capacity 58992K, committed 59136K, reserved 1099776K
  class space    used 7767K, capacity 8329K, committed 8448K, reserved 1048576K
Event: 21.592 GC heap after
Heap after GC invocations=15 (full 3):
 PSYoungGen      total 290304K, used 0K [0x00000000eb500000, 0x00000000fe500000, 0x0000000100000000)
  eden space 277504K, 0% used [0x00000000eb500000,0x00000000eb500000,0x00000000fc400000)
  from space 12800K, 0% used [0x00000000fd880000,0x00000000fd880000,0x00000000fe500000)
  to   space 16896K, 0% used [0x00000000fc400000,0x00000000fc400000,0x00000000fd480000)
 ParOldGen       total 55808K, used 21449K [0x00000000c1e00000, 0x00000000c5480000, 0x00000000eb500000)
  object space 55808K, 38% used [0x00000000c1e00000,0x00000000c32f25e8,0x00000000c5480000)
 Metaspace       used 55659K, capacity 58992K, committed 59136K, reserved 1099776K
  class space    used 7767K, capacity 8329K, committed 8448K, reserved 1048576K
}

Deoptimization events (10 events):
Event: 23.712 Thread 0x0000000016f38800 Uncommon trap: reason=class_check action=maybe_recompile pc=0x0000000002e999d4 method=org.springframework.core.SerializableTypeWrapper.unwrap(Ljava/lang/reflect/Type;)Ljava/lang/reflect/Type; @ 10
Event: 23.798 Thread 0x0000000016f38800 Uncommon trap: reason=unstable_if action=reinterpret pc=0x0000000002b500b8 method=org.springframework.core.annotation.TypeMappedAnnotations$MergedAnnotationFinder.process(Ljava/lang/Object;ILjava/lang/Object;Ljava/lang/annotation/Annotation;)Lorg/springfr
Event: 23.846 Thread 0x0000000016f38800 Uncommon trap: reason=unstable_if action=reinterpret pc=0x000000000337b3c4 method=org.springframework.core.annotation.TypeMappedAnnotations$MergedAnnotationFinder.process(Ljava/lang/Object;ILjava/lang/Object;Ljava/lang/annotation/Annotation;)Lorg/springfr
Event: 23.847 Thread 0x0000000016f38800 Uncommon trap: reason=unstable_if action=reinterpret pc=0x00000000033d150c method=org.springframework.core.annotation.TypeMappedAnnotations$MergedAnnotationFinder.process(Ljava/lang/Object;ILjava/lang/Object;Ljava/lang/annotation/Annotation;)Lorg/springfr
Event: 23.916 Thread 0x0000000016f38800 Uncommon trap: reason=class_check action=maybe_recompile pc=0x0000000002e999c4 method=org.springframework.core.SerializableTypeWrapper.unwrap(Ljava/lang/reflect/Type;)Ljava/lang/reflect/Type; @ 18
Event: 23.916 Thread 0x0000000016f38800 Uncommon trap: reason=class_check action=maybe_recompile pc=0x0000000002e999d4 method=org.springframework.core.SerializableTypeWrapper.unwrap(Ljava/lang/reflect/Type;)Ljava/lang/reflect/Type; @ 10
Event: 23.929 Thread 0x0000000016f38800 Uncommon trap: reason=unstable_if action=reinterpret pc=0x0000000003437dc0 method=java.util.HashMap.putVal(ILjava/lang/Object;Ljava/lang/Object;ZZ)Ljava/lang/Object; @ 109
Event: 24.019 Thread 0x0000000016f38800 Uncommon trap: reason=unstable_if action=reinterpret pc=0x000000000344444c method=java.util.HashMap.putVal(ILjava/lang/Object;Ljava/lang/Object;ZZ)Ljava/lang/Object; @ 109
Event: 24.020 Thread 0x0000000016f38800 Uncommon trap: reason=unstable_if action=reinterpret pc=0x00000000034112f4 method=java.util.HashMap.putVal(ILjava/lang/Object;Ljava/lang/Object;ZZ)Ljava/lang/Object; @ 109
Event: 24.023 Thread 0x0000000016f38800 Uncommon trap: reason=unstable_if action=reinterpret pc=0x00000000028fe8fc method=java.util.concurrent.ConcurrentHashMap.transfer([Ljava/util/concurrent/ConcurrentHashMap$Node;[Ljava/util/concurrent/ConcurrentHashMap$Node;)V @ 356

Classes redefined (0 events):
No events

Internal exceptions (10 events):
Event: 23.125 Thread 0x0000000016f38800 Exception <a 'java/lang/ClassNotFoundException': java/lang/ObjectCustomizer> (0x00000000ed191900) thrown at [C:\re\workspace\8-2-build-windows-amd64-cygwin\jdk8u181\11358\hotspot\src\share\vm\classfile\systemDictionary.cpp, line 210]
Event: 23.126 Thread 0x0000000016f38800 Exception <a 'java/lang/ClassNotFoundException': org/springframework/security/config/annotation/web/configuration/WebSecurityConfigurationCustomizer> (0x00000000ed1b44d0) thrown at [C:\re\workspace\8-2-build-windows-amd64-cygwin\jdk8u181\11358\hotspot\src
Event: 23.127 Thread 0x0000000016f38800 Exception <a 'java/lang/ClassNotFoundException': org/springframework/context/annotation/ImportAwareCustomizer> (0x00000000ed1d9230) thrown at [C:\re\workspace\8-2-build-windows-amd64-cygwin\jdk8u181\11358\hotspot\src\share\vm\classfile\systemDictionary.cp
Event: 23.128 Thread 0x0000000016f38800 Exception <a 'java/lang/ClassNotFoundException': org/springframework/beans/factory/AwareCustomizer> (0x00000000ed1ed380) thrown at [C:\re\workspace\8-2-build-windows-amd64-cygwin\jdk8u181\11358\hotspot\src\share\vm\classfile\systemDictionary.cpp, line 210
Event: 23.129 Thread 0x0000000016f38800 Exception <a 'java/lang/ClassNotFoundException': org/springframework/beans/factory/BeanClassLoaderAwareCustomizer> (0x00000000ed203e48) thrown at [C:\re\workspace\8-2-build-windows-amd64-cygwin\jdk8u181\11358\hotspot\src\share\vm\classfile\systemDictionar
Event: 23.129 Thread 0x0000000016f38800 Exception <a 'java/lang/ClassNotFoundException': org/springframework/beans/factory/AwareCustomizer> (0x00000000ed217f78) thrown at [C:\re\workspace\8-2-build-windows-amd64-cygwin\jdk8u181\11358\hotspot\src\share\vm\classfile\systemDictionary.cpp, line 210
Event: 23.258 Thread 0x0000000016f38800 Implicit null exception at 0x0000000002af9afd to 0x0000000002af9bb3
Event: 24.043 Thread 0x0000000016f38800 Exception <a 'java/lang/IncompatibleClassChangeError': Found class java.lang.Object, but interface was expected> (0x00000000eeffdb40) thrown at [C:\re\workspace\8-2-build-windows-amd64-cygwin\jdk8u181\11358\hotspot\src\share\vm\interpreter\linkResolver.cp
Event: 24.129 Thread 0x0000000016f38800 Exception <a 'java/lang/ClassNotFoundException': java/lang/ObjectCustomizer> (0x00000000ef3cd828) thrown at [C:\re\workspace\8-2-build-windows-amd64-cygwin\jdk8u181\11358\hotspot\src\share\vm\classfile\systemDictionary.cpp, line 210]
Event: 24.130 Thread 0x0000000016f38800 Exception <a 'java/lang/ClassNotFoundException': org/springframework/security/config/annotation/web/configuration/HttpSecurityConfigurationCustomizer> (0x00000000ef3f0400) thrown at [C:\re\workspace\8-2-build-windows-amd64-cygwin\jdk8u181\11358\hotspot\sr

Events (10 events):
Event: 24.335 loading class org/springframework/web/servlet/mvc/method/annotation/MatrixVariableMethodArgumentResolver
Event: 24.335 loading class org/springframework/web/servlet/mvc/method/annotation/MatrixVariableMethodArgumentResolver done
Event: 24.336 loading class org/springframework/web/servlet/mvc/method/annotation/MatrixVariableMethodArgumentResolver$MatrixVariableNamedValueInfo
Event: 24.336 loading class org/springframework/web/servlet/mvc/method/annotation/MatrixVariableMethodArgumentResolver$MatrixVariableNamedValueInfo done
Event: 24.337 loading class org/springframework/web/bind/MissingMatrixVariableException
Event: 24.337 loading class org/springframework/web/bind/MissingMatrixVariableException done
Event: 24.337 loading class org/springframework/web/servlet/mvc/method/annotation/MatrixVariableMapMethodArgumentResolver
Event: 24.337 loading class org/springframework/web/servlet/mvc/method/annotation/MatrixVariableMapMethodArgumentResolver done
Event: 24.338 loading class org/springframework/web/servlet/mvc/method/annotation/ServletModelAttributeMethodProcessor
Event: 24.338 loading class org/springframework/web/servlet/mvc/method/annotation/ServletModelAttributeMethodProcessor done


Dynamic libraries:
0x00007ff6a3d40000 - 0x00007ff6a3d77000 	C:\Program Files\Java\jdk1.8.0_181\bin\javaw.exe
0x00007ffb7f150000 - 0x00007ffb7f348000 	C:\WINDOWS\SYSTEM32\ntdll.dll
0x00007ffb7e760000 - 0x00007ffb7e81d000 	C:\WINDOWS\System32\KERNEL32.DLL
0x00007ffb7ccc0000 - 0x00007ffb7cf8e000 	C:\WINDOWS\System32\KERNELBASE.dll
0x00007ffb79e40000 - 0x00007ffb79ed0000 	C:\WINDOWS\SYSTEM32\apphelp.dll
0x00007ffb7d900000 - 0x00007ffb7d9ae000 	C:\WINDOWS\System32\ADVAPI32.dll
0x00007ffb7ea30000 - 0x00007ffb7eace000 	C:\WINDOWS\System32\msvcrt.dll
0x00007ffb7ecb0000 - 0x00007ffb7ed4c000 	C:\WINDOWS\System32\sechost.dll
0x00007ffb7e820000 - 0x00007ffb7e945000 	C:\WINDOWS\System32\RPCRT4.dll
0x00007ffb7d9b0000 - 0x00007ffb7db50000 	C:\WINDOWS\System32\USER32.dll
0x00007ffb7cf90000 - 0x00007ffb7cfb2000 	C:\WINDOWS\System32\win32u.dll
0x00007ffb7ead0000 - 0x00007ffb7eafa000 	C:\WINDOWS\System32\GDI32.dll
0x00007ffb7c8a0000 - 0x00007ffb7c9ab000 	C:\WINDOWS\System32\gdi32full.dll
0x00007ffb7cc20000 - 0x00007ffb7ccbd000 	C:\WINDOWS\System32\msvcp_win.dll
0x00007ffb7cab0000 - 0x00007ffb7cbb0000 	C:\WINDOWS\System32\ucrtbase.dll
0x00007ffb65490000 - 0x00007ffb6572a000 	C:\WINDOWS\WinSxS\amd64_microsoft.windows.common-controls_6595b64144ccf1df_6.0.19041.1110_none_60b5254171f9507e\COMCTL32.dll
0x00007ffb7ea00000 - 0x00007ffb7ea30000 	C:\WINDOWS\System32\IMM32.DLL
0x000000006d980000 - 0x000000006da52000 	C:\Program Files\Java\jdk1.8.0_181\jre\bin\msvcr100.dll
0x000000006d0d0000 - 0x000000006d972000 	C:\Program Files\Java\jdk1.8.0_181\jre\bin\server\jvm.dll
0x00007ffb7d8f0000 - 0x00007ffb7d8f8000 	C:\WINDOWS\System32\PSAPI.DLL
0x00007ffb79c60000 - 0x00007ffb79c69000 	C:\WINDOWS\SYSTEM32\WSOCK32.dll
0x00007ffb63fa0000 - 0x00007ffb63fc7000 	C:\WINDOWS\SYSTEM32\WINMM.dll
0x00007ffb75bc0000 - 0x00007ffb75bca000 	C:\WINDOWS\SYSTEM32\VERSION.dll
0x00007ffb7db50000 - 0x00007ffb7dbbb000 	C:\WINDOWS\System32\WS2_32.dll
0x000000006d0c0000 - 0x000000006d0cf000 	C:\Program Files\Java\jdk1.8.0_181\jre\bin\verify.dll
0x000000006d090000 - 0x000000006d0b9000 	C:\Program Files\Java\jdk1.8.0_181\jre\bin\java.dll
0x000000006d070000 - 0x000000006d086000 	C:\Program Files\Java\jdk1.8.0_181\jre\bin\zip.dll
0x00007ffb7dd50000 - 0x00007ffb7e494000 	C:\WINDOWS\System32\SHELL32.dll
0x00007ffb7a5d0000 - 0x00007ffb7ad64000 	C:\WINDOWS\SYSTEM32\windows.storage.dll
0x00007ffb7edb0000 - 0x00007ffb7f104000 	C:\WINDOWS\System32\combase.dll
0x00007ffb7c200000 - 0x00007ffb7c230000 	C:\WINDOWS\SYSTEM32\Wldp.dll
0x00007ffb7d3d0000 - 0x00007ffb7d47d000 	C:\WINDOWS\System32\SHCORE.dll
0x00007ffb7e700000 - 0x00007ffb7e755000 	C:\WINDOWS\System32\shlwapi.dll
0x00007ffb7c7b0000 - 0x00007ffb7c7cf000 	C:\WINDOWS\SYSTEM32\profapi.dll
0x000000006d060000 - 0x000000006d06d000 	C:\Program Files\Java\jdk1.8.0_181\jre\bin\management.dll
0x000000006d040000 - 0x000000006d05a000 	C:\Program Files\Java\jdk1.8.0_181\jre\bin\net.dll
0x00007ffb7bfa0000 - 0x00007ffb7c00a000 	C:\WINDOWS\system32\mswsock.dll
0x00007ffb77070000 - 0x00007ffb77087000 	C:\WINDOWS\system32\napinsp.dll
0x00007ffb5c960000 - 0x00007ffb5c97b000 	C:\WINDOWS\system32\pnrpnsp.dll
0x00007ffb77680000 - 0x00007ffb77695000 	C:\WINDOWS\system32\wshbth.dll
0x00007ffb79370000 - 0x00007ffb7938d000 	C:\WINDOWS\system32\NLAapi.dll
0x00007ffb7bc70000 - 0x00007ffb7bcab000 	C:\WINDOWS\SYSTEM32\IPHLPAPI.DLL
0x00007ffb7bcb0000 - 0x00007ffb7bd7b000 	C:\WINDOWS\SYSTEM32\DNSAPI.dll
0x00007ffb7d210000 - 0x00007ffb7d218000 	C:\WINDOWS\System32\NSI.dll
0x00007ffb5c6a0000 - 0x00007ffb5c6b2000 	C:\WINDOWS\System32\winrnr.dll
0x00007ffb6aff0000 - 0x00007ffb6affa000 	C:\Windows\System32\rasadhlp.dll
0x00007ffb6b490000 - 0x00007ffb6b510000 	C:\WINDOWS\System32\fwpuclnt.dll
0x00007ffb7c870000 - 0x00007ffb7c897000 	C:\WINDOWS\System32\bcrypt.dll
0x000000006d020000 - 0x000000006d031000 	C:\Program Files\Java\jdk1.8.0_181\jre\bin\nio.dll
0x00007ffb7c150000 - 0x00007ffb7c168000 	C:\WINDOWS\SYSTEM32\CRYPTSP.dll
0x00007ffb7b8a0000 - 0x00007ffb7b8d4000 	C:\WINDOWS\system32\rsaenh.dll
0x00007ffb7c770000 - 0x00007ffb7c79e000 	C:\WINDOWS\SYSTEM32\USERENV.dll
0x00007ffb7cfc0000 - 0x00007ffb7d042000 	C:\WINDOWS\System32\bcryptprimitives.dll
0x00007ffb7c170000 - 0x00007ffb7c17c000 	C:\WINDOWS\SYSTEM32\CRYPTBASE.dll
0x00007ffb6d5b0000 - 0x00007ffb6d5c7000 	C:\WINDOWS\SYSTEM32\dhcpcsvc6.DLL
0x00007ffb6d830000 - 0x00007ffb6d84d000 	C:\WINDOWS\SYSTEM32\dhcpcsvc.DLL
0x000000006cff0000 - 0x000000006d014000 	C:\Program Files\Java\jdk1.8.0_181\jre\bin\sunec.dll
0x000000006cfe0000 - 0x000000006cfeb000 	C:\Program Files\Java\jdk1.8.0_181\jre\bin\sunmscapi.dll
0x00007ffb7d050000 - 0x00007ffb7d1a6000 	C:\WINDOWS\System32\CRYPT32.dll

VM Arguments:
jvm_args: -Dfile.encoding=UTF-8 
java_command: com.portafolio.portafoliobackend.PortafoliobackendApplication
java_class_path (initial): C:\Users\alan_\eclipse2ee\eclipse\workspace\BackEnd\portafoliobackend\target\classes;C:\Users\alan_\.m2\repository\org\springframework\boot\spring-boot-starter-data-jpa\2.6.10\spring-boot-starter-data-jpa-2.6.10.jar;C:\Users\alan_\.m2\repository\org\springframework\boot\spring-boot-starter-aop\2.6.10\spring-boot-starter-aop-2.6.10.jar;C:\Users\alan_\.m2\repository\org\aspectj\aspectjweaver\1.9.7\aspectjweaver-1.9.7.jar;C:\Users\alan_\.m2\repository\org\springframework\boot\spring-boot-starter-jdbc\2.6.10\spring-boot-starter-jdbc-2.6.10.jar;C:\Users\alan_\.m2\repository\com\zaxxer\HikariCP\4.0.3\HikariCP-4.0.3.jar;C:\Users\alan_\.m2\repository\org\springframework\spring-jdbc\5.3.22\spring-jdbc-5.3.22.jar;C:\Users\alan_\.m2\repository\jakarta\transaction\jakarta.transaction-api\1.3.3\jakarta.transaction-api-1.3.3.jar;C:\Users\alan_\.m2\repository\jakarta\persistence\jakarta.persistence-api\2.2.3\jakarta.persistence-api-2.2.3.jar;C:\Users\alan_\.m2\repository\org\hibernate\hibernate-core\5.6.10.Final\hibernate-core-5.6.10.Final.jar;C:\Users\alan_\.m2\repository\org\jboss\logging\jboss-logging\3.4.3.Final\jboss-logging-3.4.3.Final.jar;C:\Users\alan_\.m2\repository\net\bytebuddy\byte-buddy\1.11.22\byte-buddy-1.11.22.jar;C:\Users\alan_\.m2\repository\antlr\antlr\2.7.7\antlr-2.7.7.jar;C:\Users\alan_\.m2\repository\org\jboss\jandex\2.4.2.Final\jandex-2.4.2.Final.jar;C:\Users\alan_\.m2\repository\com\fasterxml\classmate\1.5.1\classmate-1.5.1.jar;C:\Users\alan_\.m2\repository\org\hibernate\common\hibernate-commons-annotations\5.1.2.Final\hibernate-commons-annotations-5.1.2.Final.jar;C:\Users\alan_\.m2\repository\org\glassfish\jaxb\jaxb-runtime\2.3.6\jaxb-runtime-2.3.6.jar;C:\Users\alan_\.m2\repository\org\glassfish\jaxb\txw2\2.3.6\txw2-2.3.6.jar;C:\Users\alan_\.m2\repository\com\sun\istack\istack-commons-runtime\3.0.12\istack-commons-runtime-3.0.12.jar;C:\Users\alan_\.m2\repository\com\sun\activation\jakarta.activation\1.2.2\jakarta.activation-1.2
Launcher Type: SUN_STANDARD

Environment Variables:
PATH=C:/Users/alan_/eclipse2ee/eclipse//plugins/org.eclipse.justj.openjdk.hotspot.jre.full.win32.x86_64_17.0.3.v20220515-1416/jre/bin/server;C:/Users/alan_/eclipse2ee/eclipse//plugins/org.eclipse.justj.openjdk.hotspot.jre.full.win32.x86_64_17.0.3.v20220515-1416/jre/bin;C:\Python310\Scripts\;C:\Python310\;C:\Program Files (x86)\Common Files\Oracle\Java\javapath;C:\WINDOWS\system32;C:\WINDOWS;C:\WINDOWS\System32\Wbem;C:\WINDOWS\System32\WindowsPowerShell\v1.0\;C:\Program Files\Java\jdk1.8.0_181\bin;C:\WINDOWS\System32\OpenSSH\;C:\Program Files\Microsoft SQL Server\Client SDK\ODBC\170\Tools\Binn\;C:\Program Files (x86)\Microsoft SQL Server\150\Tools\Binn\;C:\Program Files\Microsoft SQL Server\150\Tools\Binn\;C:\Program Files\Microsoft SQL Server\150\DTS\Binn\;C:\Program Files (x86)\Microsoft SQL Server\150\DTS\Binn\;C:\Program Files\Git\cmd;C:\xampp\mysql\bin;C:\Program Files\dotnet\;C:\zuta-CLI\;C:\Program Files\Java\jdk1.8.0_181\bin;C:\Program Files\Blender Foundation\Blender 2.92\2.92\python\bin;C:\Program Files\nodejs\;C:\Program Files\Microsoft SQL Server\130\Tools\Binn\;C:\ProgramData\chocolatey\bin;C:\tools\php81;C:\Program Files\Maven\apache-maven-3.8.6\bin;C:\ProgramData\chocolatey\lib\maven\apache-maven-3.8.6\bin;C:\Ruby31-x64\bin;C:\Users\alan_\AppData\Local\Microsoft\WindowsApps;C:\Users\alan_\AppData\Local\Programs\Microsoft VS Code\bin;C:\Program Files\Azure Data Studio\bin;C:\Users\alan_\AppData\Local\GitHubDesktop\bin;C:\Users\alan_\.dotnet\tools;C:\ghcup\bin;C:\Program Files\sqlite\sqlite-tools-win32-x86-3380000;C:\Users\alan_\AppData\Roaming\npm;C:\Program Files (x86)\Nmap;C:\Users\alan_\eclipse2ee\eclipse;
USERNAME=alan_
OS=Windows_NT
PROCESSOR_IDENTIFIER=Intel64 Family 6 Model 142 Stepping 9, GenuineIntel



---------------  S Y S T E M  ---------------

OS: Windows 10.0 , 64 bit Build 19041 (10.0.19041.1806)

CPU:total 4 (initial active 4) (2 cores per cpu, 2 threads per core) family 6 model 142 stepping 9, cmov, cx8, fxsr, mmx, sse, sse2, sse3, ssse3, sse4.1, sse4.2, popcnt, avx, avx2, aes, clmul, erms, 3dnowpref, lzcnt, ht, tsc, tscinvbit, bmi1, bmi2, adx

Memory: 4k page, physical 4066020k(267856k free), swap 8162020k(8284k free)

vm_info: Java HotSpot(TM) 64-Bit Server VM (25.181-b13) for windows-amd64 JRE (1.8.0_181-b13), built on Jul  7 2018 04:01:33 by "java_re" with MS VC++ 10.0 (VS2010)

time: Wed Aug 03 23:12:28 2022
elapsed time: 24 seconds (0d 0h 0m 24s)

